=== Stage 22.0b Mean Reversion Baseline (20 pairs) ===
[ 1/20] EUR_USD: valid_label_rows=  5896336 (  8.1s)
[ 2/20] GBP_USD: valid_label_rows=  5901714 (  7.6s)
[ 3/20] AUD_USD: valid_label_rows=  5858642 (  7.7s)
[ 4/20] NZD_USD: valid_label_rows=  5840588 (  7.6s)
[ 5/20] USD_CHF: valid_label_rows=  5862920 (  7.7s)
[ 6/20] USD_CAD: valid_label_rows=  5887974 (  7.3s)
[ 7/20] EUR_GBP: valid_label_rows=  5847330 (  7.7s)
[ 8/20] USD_JPY: valid_label_rows=  5897112 (  8.7s)
[ 9/20] EUR_JPY: valid_label_rows=  5899758 (  7.5s)
[10/20] GBP_JPY: valid_label_rows=  5920300 (  7.4s)
[11/20] AUD_JPY: valid_label_rows=  5912718 (  7.7s)
[12/20] NZD_JPY: valid_label_rows=  5853656 (  7.2s)
[13/20] CHF_JPY: valid_label_rows=  5838960 (  7.6s)
[14/20] EUR_CHF: valid_label_rows=  5861882 (  8.9s)
[15/20] EUR_AUD: valid_label_rows=  5916176 (  7.6s)
[16/20] EUR_CAD: valid_label_rows=  5902224 (  7.4s)
[17/20] AUD_NZD: valid_label_rows=  5873148 (  7.3s)
[18/20] AUD_CAD: valid_label_rows=  5814120 (  7.4s)
[19/20] GBP_AUD: valid_label_rows=  5892630 (  7.5s)
[20/20] GBP_CHF: valid_label_rows=  5855398 (  7.5s)
Materializing cells and computing metrics ...
Sweep results: C:\Users\yukik\fx-ai-trading\artifacts\stage22_0b\sweep_results.parquet
Report: C:\Users\yukik\fx-ai-trading\artifacts\stage22_0b\eval_report.md
