=== Stage 23.0a outcome dataset (20 pairs Å~ ['M5', 'M15']) ===

[M5] horizons=(1, 2, 3)
  [ 1/20] EUR_USD: m1= 740264 sig=149134 rows= 894804 valid= 887892 cov=0.9923 cost_ratio_p50=0.488 (  9.1s)
  [ 2/20] GBP_USD: m1= 740908 sig=149099 rows= 894594 valid= 888414 cov=0.9931 cost_ratio_p50=0.462 (  8.8s)
  [ 3/20] AUD_USD: m1= 737087 sig=149108 rows= 894648 valid= 883932 cov=0.9880 cost_ratio_p50=0.485 (  9.3s)
  [ 4/20] NZD_USD: m1= 735593 sig=149098 rows= 894588 valid= 881478 cov=0.9853 cost_ratio_p50=0.598 (  9.1s)
  [ 5/20] USD_CHF: m1= 737060 sig=149058 rows= 894348 valid= 884124 cov=0.9886 cost_ratio_p50=0.560 (  8.8s)
  [ 6/20] USD_CAD: m1= 739566 sig=149114 rows= 894684 valid= 886842 cov=0.9912 cost_ratio_p50=0.619 (  8.9s)
  [ 7/20] EUR_GBP: m1= 734979 sig=149114 rows= 894684 valid= 881454 cov=0.9852 cost_ratio_p50=0.772 (  8.8s)
  [ 8/20] USD_JPY: m1= 740393 sig=149103 rows= 894618 valid= 887646 cov=0.9922 cost_ratio_p50=0.273 (  8.8s)
  [ 9/20] EUR_JPY: m1= 740735 sig=149089 rows= 894534 valid= 888000 cov=0.9927 cost_ratio_p50=0.384 (  8.8s)
  [10/20] GBP_JPY: m1= 742493 sig=149104 rows= 894624 valid= 890250 cov=0.9951 cost_ratio_p50=0.409 (  8.9s)
  [11/20] AUD_JPY: m1= 741663 sig=149100 rows= 894600 valid= 889416 cov=0.9942 cost_ratio_p50=0.435 (  8.9s)
  [12/20] NZD_JPY: m1= 736025 sig=148954 rows= 893724 valid= 882054 cov=0.9869 cost_ratio_p50=0.654 (  9.9s)
  [13/20] CHF_JPY: m1= 735552 sig=148422 rows= 890532 valid= 881874 cov=0.9903 cost_ratio_p50=0.559 (  8.5s)
  [14/20] EUR_CHF: m1= 737398 sig=149038 rows= 894228 valid= 884316 cov=0.9889 cost_ratio_p50=0.742 (  8.3s)
  [15/20] EUR_AUD: m1= 741957 sig=149119 rows= 894714 valid= 889746 cov=0.9944 cost_ratio_p50=0.538 (  8.1s)
  [16/20] EUR_CAD: m1= 740629 sig=149131 rows= 894786 valid= 887952 cov=0.9924 cost_ratio_p50=0.628 (  8.7s)
  [17/20] AUD_NZD: m1= 738189 sig=149052 rows= 894312 valid= 884898 cov=0.9895 cost_ratio_p50=1.029 (  8.3s)
  [18/20] AUD_CAD: m1= 732062 sig=149013 rows= 894078 valid= 877644 cov=0.9816 cost_ratio_p50=0.758 (  9.6s)
  [19/20] GBP_AUD: m1= 740045 sig=149045 rows= 894270 valid= 887352 cov=0.9923 cost_ratio_p50=0.586 (  8.3s)
  [20/20] GBP_CHF: m1= 736762 sig=148804 rows= 892824 valid= 883410 cov=0.9895 cost_ratio_p50=0.714 (  8.2s)

[M15] horizons=(1, 2, 4)
  [ 1/20] EUR_USD: m1= 740264 sig= 49718 rows= 298308 valid= 294238 cov=0.9864 cost_ratio_p50=0.268 (  7.2s)
  [ 2/20] GBP_USD: m1= 740908 sig= 49716 rows= 298296 valid= 294286 cov=0.9866 cost_ratio_p50=0.254 (  7.3s)
  [ 3/20] AUD_USD: m1= 737087 sig= 49718 rows= 298308 valid= 293368 cov=0.9834 cost_ratio_p50=0.266 (  7.2s)
  [ 4/20] NZD_USD: m1= 735593 sig= 49718 rows= 298308 valid= 290680 cov=0.9744 cost_ratio_p50=0.328 (  7.5s)
  [ 5/20] USD_CHF: m1= 737060 sig= 49716 rows= 298296 valid= 293302 cov=0.9833 cost_ratio_p50=0.304 (  7.3s)
  [ 6/20] USD_CAD: m1= 739566 sig= 49718 rows= 298308 valid= 294088 cov=0.9859 cost_ratio_p50=0.343 (  7.2s)
  [ 7/20] EUR_GBP: m1= 734979 sig= 49716 rows= 298296 valid= 292576 cov=0.9808 cost_ratio_p50=0.424 (  7.2s)
  [ 8/20] USD_JPY: m1= 740393 sig= 49717 rows= 298302 valid= 294202 cov=0.9863 cost_ratio_p50=0.149 (  7.1s)
  [ 9/20] EUR_JPY: m1= 740735 sig= 49715 rows= 298290 valid= 294238 cov=0.9864 cost_ratio_p50=0.216 (  7.2s)
  [10/20] GBP_JPY: m1= 742493 sig= 49714 rows= 298284 valid= 294820 cov=0.9884 cost_ratio_p50=0.229 (  7.5s)
  [11/20] AUD_JPY: m1= 741663 sig= 49714 rows= 298284 valid= 294526 cov=0.9874 cost_ratio_p50=0.243 (  7.1s)
  [12/20] NZD_JPY: m1= 736025 sig= 49698 rows= 298188 valid= 290668 cov=0.9748 cost_ratio_p50=0.364 (  7.2s)
  [13/20] CHF_JPY: m1= 735552 sig= 49619 rows= 297714 valid= 292684 cov=0.9831 cost_ratio_p50=0.311 (  7.3s)
  [14/20] EUR_CHF: m1= 737398 sig= 49715 rows= 298290 valid= 293338 cov=0.9834 cost_ratio_p50=0.407 (  7.2s)
  [15/20] EUR_AUD: m1= 741957 sig= 49714 rows= 298284 valid= 294646 cov=0.9878 cost_ratio_p50=0.299 (  7.5s)
  [16/20] EUR_CAD: m1= 740629 sig= 49717 rows= 298302 valid= 294298 cov=0.9866 cost_ratio_p50=0.353 (  8.4s)
  [17/20] AUD_NZD: m1= 738189 sig= 49709 rows= 298254 valid= 291562 cov=0.9776 cost_ratio_p50=0.570 (  7.1s)
  [18/20] AUD_CAD: m1= 732062 sig= 49717 rows= 298302 valid= 291982 cov=0.9788 cost_ratio_p50=0.415 (  7.2s)
  [19/20] GBP_AUD: m1= 740045 sig= 49712 rows= 298272 valid= 294112 cov=0.9861 cost_ratio_p50=0.329 (  7.1s)
  [20/20] GBP_CHF: m1= 736762 sig= 49680 rows= 298080 valid= 293038 cov=0.9831 cost_ratio_p50=0.395 (  6.9s)

Schema: C:\Users\yukik\fx-ai-trading\artifacts\stage23_0a\label_schema.json
Build summary: C:\Users\yukik\fx-ai-trading\artifacts\stage23_0a\build_summary.json
